============================
Start conflict check (log file: ConflictCheck.log)
----------------------------
[ERROR]: Conflict of hotkeys in race: P commandcard: Coop/Protoss/Structures/Robotics Bay (Karax Commander)(not tested)
[ERROR]: Conflict of hotkeys in race: P commandcard: Coop/Terran/Units/Ghost
[ERROR]: Conflict of hotkeys in race: P commandcard: Coop/Zerg Story/Units/Scourge/Building Attack Enabled
[ERROR]: Conflict of hotkeys in race: P commandcard: Coop/Zerg/Units/Overlord/General (Creeping)
[ERROR]: Conflict of hotkeys in race: P commandcard: HotS Campaign/Zerg/Units/Infestor
[ERROR]: Conflict of hotkeys in race: P commandcard: LotV Campaign/Terran/Structures/Factory/General
[ERROR]: Conflict of hotkeys in race: P commandcard: LotV Multiplayer/Terran/Units/Ghost
[ERROR]: Conflict of hotkeys in race: P commandcard: LotV Prologue/Protoss Story/Units/Zeratul (LotV Prologue)
[ERROR]: Conflict of hotkeys in race: P commandcard: LotV Prologue/Terran/Structures/Factory/AI Mess 01
[ERROR]: Conflict of hotkeys in race: P commandcard: WoL Campaign/Terran/Structures/Factory/General
[ERROR]: Conflict of hotkeys in race: P commandcard: WoL Campaign/Terran/Structures/Starport/General
[ERROR]: Conflict of hotkeys in race: P commandcard: WoL Campaign/Terran/Structures/Starport/General
[ERROR]: Conflict of hotkeys in race: T commandcard: Coop/Terran/Units/Ghost
[ERROR]: Conflict of hotkeys in race: T commandcard: Coop/Zerg/Units/Overlord/General (Creeping)
[ERROR]: Conflict of hotkeys in race: T commandcard: Coop/Zerg/Units/Overseer
[ERROR]: Conflict of hotkeys in race: T commandcard: Left2Die/Terran Story/Units/Hammer Securities (Marauder Merc)
[ERROR]: Conflict of hotkeys in race: T commandcard: LotV Campaign/Zerg Story/Units/Kerrigan/Kerrigan - Void
[ERROR]: Conflict of hotkeys in race: T commandcard: LotV Multiplayer/Terran/Structures/Barracks/General
[ERROR]: Conflict of hotkeys in race: T commandcard: LotV Multiplayer/Terran/Structures/Command Center/General
[ERROR]: Conflict of hotkeys in race: T commandcard: LotV Multiplayer/Terran/Units/Ghost
[ERROR]: Conflict of hotkeys in race: T commandcard: LotV Prologue/Protoss Story/Units/Zeratul (LotV Prologue)
[ERROR]: Conflict of hotkeys in race: T commandcard: LotV Prologue/Protoss/Units/Shadow of the Void (Zealot)
[ERROR]: Conflict of hotkeys in race: T commandcard: WoL Campaign/Terran Story/Units/Jackson's Revenge
[ERROR]: Conflict of hotkeys in race: R commandcard: Coop/Protoss/Structures/Robotics Bay (Karax Commander)(not tested)
[ERROR]: Conflict of hotkeys in race: R commandcard: Coop/Terran/Units/Ghost
[ERROR]: Conflict of hotkeys in race: R commandcard: Coop/Zerg/Units/Overseer
[ERROR]: Conflict of hotkeys in race: R commandcard: HotS Campaign/Terran/Structures/Starport/General
[ERROR]: Conflict of hotkeys in race: R commandcard: HotS Campaign/Terran/Structures/Starport/General (non-constructing)
[ERROR]: Conflict of hotkeys in race: R commandcard: HotS Campaign/Zerg/Units/Infestor
[ERROR]: Conflict of hotkeys in race: R commandcard: LotV Campaign/Terran Story/Units/Spectre/Cloaked
[ERROR]: Conflict of hotkeys in race: R commandcard: LotV Multiplayer/Terran/Units/Ghost
[ERROR]: Conflict of hotkeys in race: R commandcard: WoL Campaign/Zerg/Units/Larva/General
[ERROR]: Conflict of hotkeys in race: Z commandcard: Coop/Terran/Units/Ghost
[ERROR]: Conflict of hotkeys in race: Z commandcard: HotS Campaign/Terran/Structures/Factory/General (non-constructing)
[ERROR]: Conflict of hotkeys in race: Z commandcard: HotS Campaign/Terran/Structures/Starport/General
[ERROR]: Conflict of hotkeys in race: Z commandcard: HotS Campaign/Terran/Structures/Starport/General (non-constructing)
[ERROR]: Conflict of hotkeys in race: Z commandcard: HotS Campaign/Terran/Structures/Starport/General (non-constructing)
[ERROR]: Conflict of hotkeys in race: Z commandcard: LotV Multiplayer/Terran/Units/Ghost
[ERROR]: Conflict of hotkeys in race: Z commandcard: LotV Prologue/Protoss Story/Units/Zeratul (LotV Prologue)
[ERROR]: Conflict of hotkeys in race: Z commandcard: LotV Prologue/Protoss/Units/Probe/General
[ERROR]: Conflict of hotkeys in race: Z commandcard: WoL Campaign/Zerg/Units/Larva/General
----------------------------
Finished (conflict check) - ERRORs: 41 
============================